<?xml version="1.0" encoding="UTF-8"?>
<!-- Generated by org.testng.reporters.JUnitReportReporter -->
<testsuite hostname="DESKTOP-BPIEM52" failures="0" tests="2" name="testng.parameterization.NormalDataProvider" time="52.676" errors="0" timestamp="2024-05-09T17:01:11 IST" skipped="0">
  <testcase classname="testng.parameterization.NormalDataProvider" name="verifyNeedOfParameter" time="38.052"/>
  <testcase classname="testng.parameterization.NormalDataProvider" name="verifyNeedOfParameter" time="14.624"/>
</testsuite> <!-- testng.parameterization.NormalDataProvider -->
